
{"timestamp":1590846952939,"level":"ALL","message":"05-30 19:25:52.121 17624 17673 I appium  : channel read invoked!"}
{"timestamp":1590846952940,"level":"ALL","message":"05-30 19:25:52.121 17624 17673 I appium  : channel read: POST /wd/hub/session/41232f4a-b238-435c-a373-82c10f2ff7cc/elements"}
{"timestamp":1590846952942,"level":"ALL","message":"05-30 19:25:52.125 17624 17673 I appium  : Find elements command using 'class name' with selector 'android.widget.Button'."}
{"timestamp":1590846952944,"level":"ALL","message":"05-30 19:25:52.125 17624 17673 I appium  : Waiting up to 10000ms for device to be idle"}
{"timestamp":1590846953001,"level":"ALL","message":"05-30 19:25:52.182 17624 17673 I appium  : AppiumResponse: {\"sessionId\":\"41232f4a-b238-435c-a373-82c10f2ff7cc\",\"value\":[{\"ELEMENT\":\"2fb5fe7d-7487-4829-8c48-d7ece07c79b3\",\"element-6066-11e4-a52e-4f735466cecf\":\"2fb5fe7d-7487-4829-8c48-d7ece07c79b3\"}]}"}
{"timestamp":1590846953031,"level":"ALL","message":"05-30 19:25:52.213 17624 17673 I appium  : channel read invoked!"}
{"timestamp":1590846953033,"level":"ALL","message":"05-30 19:25:52.213 17624 17673 I appium  : channel read: POST /wd/hub/session/41232f4a-b238-435c-a373-82c10f2ff7cc/elements"}
{"timestamp":1590846953035,"level":"ALL","message":"05-30 19:25:52.216 17624 17673 I appium  : Find elements command using 'class name' with selector 'android.widget.Button'."}
{"timestamp":1590846953035,"level":"ALL","message":"05-30 19:25:52.217 17624 17673 I appium  : Waiting up to 10000ms for device to be idle"}
{"timestamp":1590846953064,"level":"ALL","message":"05-30 19:25:52.242 17624 17673 I appium  : AppiumResponse: {\"sessionId\":\"41232f4a-b238-435c-a373-82c10f2ff7cc\",\"value\":[{\"ELEMENT\":\"b7a4c544-5d1b-4ecf-80e7-e287ae0d4386\",\"element-6066-11e4-a52e-4f735466cecf\":\"b7a4c544-5d1b-4ecf-80e7-e287ae0d4386\"}]}"}
{"timestamp":1590846953086,"level":"ALL","message":"05-30 19:25:52.268 17624 17673 I appium  : channel read invoked!"}
{"timestamp":1590846953087,"level":"ALL","message":"05-30 19:25:52.269 17624 17673 I appium  : channel read: POST /wd/hub/session/41232f4a-b238-435c-a373-82c10f2ff7cc/element/b7a4c544-5d1b-4ecf-80e7-e287ae0d4386/click"}
{"timestamp":1590846953090,"level":"ALL","message":"05-30 19:25:52.273 17624 17673 I appium  : Click element command"}
{"timestamp":1590846953131,"level":"ALL","message":"05-30 19:25:52.306 17624 17673 I appium  : Waiting up to 10000ms for device to be idle"}
{"timestamp":1590846953131,"level":"ALL","message":"05-30 19:25:52.306 17624 17673 I appium  : AppiumResponse: {\"sessionId\":\"41232f4a-b238-435c-a373-82c10f2ff7cc\",\"value\":null}"}
{"timestamp":1590846953145,"level":"ALL","message":"05-30 19:25:52.314  1397  3002 W audio_hw_generic: Not supplying enough data to HAL, expected position 1646891 , only wrote 1646640"}
{"timestamp":1590846953156,"level":"ALL","message":"05-30 19:25:52.337 17624 17673 I appium  : channel read invoked!"}
{"timestamp":1590846953156,"level":"ALL","message":"05-30 19:25:52.337 17624 17673 I appium  : channel read: POST /wd/hub/session/41232f4a-b238-435c-a373-82c10f2ff7cc/elements"}
{"timestamp":1590846953159,"level":"ALL","message":"05-30 19:25:52.339 17624 17673 I appium  : Find elements command using 'xpath' with selector '//*[contains(translate(@content-desc,'ABCDEFGHIJKLMNOPQRSTUVWXYZ','abcdefghijklmnopqrstuvwxyz'),' taps left') or contains(translate(@resource-id,'ABCDEFGHIJKLMNOPQRSTUVWXYZ','abcdefghijklmnopqrstuvwxyz'),' taps left') or contains(translate(@text,'ABCDEFGHIJKLMNOPQRSTUVWXYZ','abcdefghijklmnopqrstuvwxyz'),' taps left')]'."}
{"timestamp":1590846953159,"level":"ALL","message":"05-30 19:25:52.340 17624 17673 I appium  : Waiting up to 10000ms for device to be idle"}
{"timestamp":1590846953627,"level":"ALL","message":"05-30 19:25:52.800  1397  3002 W audio_hw_generic: Not supplying enough data to HAL, expected position 1669964 , only wrote 1669680"}
{"timestamp":1590846953765,"level":"ALL","message":"05-30 19:25:52.946 17624 17673 I appium  : Rewrote class name 'androidx.appcompat.app.ActionBar$Tab' to XML node name 'androidx.appcompat.app.ActionBar.Tab'"}
{"timestamp":1590846953891,"level":"ALL","message":"05-30 19:25:52.950 17624 17673 I appium  : Rewrote class name 'androidx.appcompat.app.ActionBar$Tab' to XML node name 'androidx.appcompat.app.ActionBar.Tab'"}
{"timestamp":1590846953891,"level":"ALL","message":"05-30 19:25:53.072 17624 17673 I appium  : AppiumResponse: {\"sessionId\":\"41232f4a-b238-435c-a373-82c10f2ff7cc\",\"value\":[]}"}
{"timestamp":1590846954128,"level":"ALL","message":"05-30 19:25:53.310 17624 17673 I appium  : channel read invoked!"}
{"timestamp":1590846954131,"level":"ALL","message":"05-30 19:25:53.311 17624 17673 I appium  : channel read: POST /wd/hub/session/41232f4a-b238-435c-a373-82c10f2ff7cc/elements"}
{"timestamp":1590846954133,"level":"ALL","message":"05-30 19:25:53.315 17624 17673 I appium  : Find elements command using 'xpath' with selector '//*[contains(translate(@content-desc,'ABCDEFGHIJKLMNOPQRSTUVWXYZ','abcdefghijklmnopqrstuvwxyz'),' taps left') or contains(translate(@resource-id,'ABCDEFGHIJKLMNOPQRSTUVWXYZ','abcdefghijklmnopqrstuvwxyz'),' taps left') or contains(translate(@text,'ABCDEFGHIJKLMNOPQRSTUVWXYZ','abcdefghijklmnopqrstuvwxyz'),' taps left')]'."}
{"timestamp":1590846954135,"level":"ALL","message":"05-30 19:25:53.316 17624 17673 I appium  : Waiting up to 10000ms for device to be idle"}
{"timestamp":1590846954297,"level":"ALL","message":"05-30 19:25:53.474 17624 17673 I appium  : Rewrote class name 'androidx.appcompat.app.ActionBar$Tab' to XML node name 'androidx.appcompat.app.ActionBar.Tab'"}
{"timestamp":1590846954442,"level":"ALL","message":"05-30 19:25:53.484 17624 17673 I appium  : Rewrote class name 'androidx.appcompat.app.ActionBar$Tab' to XML node name 'androidx.appcompat.app.ActionBar.Tab'"}
{"timestamp":1590846954442,"level":"ALL","message":"05-30 19:25:53.623 17624 17673 I appium  : AppiumResponse: {\"sessionId\":\"41232f4a-b238-435c-a373-82c10f2ff7cc\",\"value\":[]}"}
{"timestamp":1590846954696,"level":"ALL","message":"05-30 19:25:53.874 17624 17673 I appium  : channel read invoked!"}
{"timestamp":1590846954696,"level":"ALL","message":"05-30 19:25:53.875 17624 17673 I appium  : channel read: POST /wd/hub/session/41232f4a-b238-435c-a373-82c10f2ff7cc/elements"}
{"timestamp":1590846954704,"level":"ALL","message":"05-30 19:25:53.886 17624 17673 I appium  : Find elements command using 'xpath' with selector '//*[contains(translate(@content-desc,'ABCDEFGHIJKLMNOPQRSTUVWXYZ','abcdefghijklmnopqrstuvwxyz'),' taps left') or contains(translate(@resource-id,'ABCDEFGHIJKLMNOPQRSTUVWXYZ','abcdefghijklmnopqrstuvwxyz'),' taps left') or contains(translate(@text,'ABCDEFGHIJKLMNOPQRSTUVWXYZ','abcdefghijklmnopqrstuvwxyz'),' taps left')]'."}
{"timestamp":1590846954706,"level":"ALL","message":"05-30 19:25:53.887 17624 17673 I appium  : Waiting up to 10000ms for device to be idle"}
{"timestamp":1590846954803,"level":"ALL","message":"05-30 19:25:53.986 17624 17673 I appium  : Rewrote class name 'androidx.appcompat.app.ActionBar$Tab' to XML node name 'androidx.appcompat.app.ActionBar.Tab'"}
{"timestamp":1590846954925,"level":"ALL","message":"05-30 19:25:53.991 17624 17673 I appium  : Rewrote class name 'androidx.appcompat.app.ActionBar$Tab' to XML node name 'androidx.appcompat.app.ActionBar.Tab'"}
{"timestamp":1590846954925,"level":"ALL","message":"05-30 19:25:54.107 17624 17673 I appium  : AppiumResponse: {\"sessionId\":\"41232f4a-b238-435c-a373-82c10f2ff7cc\",\"value\":[]}"}
{"timestamp":1590846955165,"level":"ALL","message":"05-30 19:25:54.347 17624 17673 I appium  : channel read invoked!"}
{"timestamp":1590846955168,"level":"ALL","message":"05-30 19:25:54.348 17624 17673 I appium  : channel read: POST /wd/hub/session/41232f4a-b238-435c-a373-82c10f2ff7cc/elements"}
{"timestamp":1590846955172,"level":"ALL","message":"05-30 19:25:54.354 17624 17673 I appium  : Find elements command using 'xpath' with selector '//*[contains(translate(@content-desc,'ABCDEFGHIJKLMNOPQRSTUVWXYZ','abcdefghijklmnopqrstuvwxyz'),' taps left') or contains(translate(@resource-id,'ABCDEFGHIJKLMNOPQRSTUVWXYZ','abcdefghijklmnopqrstuvwxyz'),' taps left') or contains(translate(@text,'ABCDEFGHIJKLMNOPQRSTUVWXYZ','abcdefghijklmnopqrstuvwxyz'),' taps left')]'."}
{"timestamp":1590846955175,"level":"ALL","message":"05-30 19:25:54.354 17624 17673 I appium  : Waiting up to 10000ms for device to be idle"}
{"timestamp":1590846955178,"level":"ALL","message":"05-30 19:25:54.359 17624 17629 I zygote  : Do partial code cache collection, code=121KB, data=75KB"}
{"timestamp":1590846955181,"level":"ALL","message":"05-30 19:25:54.361 17624 17629 I zygote  : After code cache collection, code=116KB, data=73KB"}
{"timestamp":1590846955181,"level":"ALL","message":"05-30 19:25:54.361 17624 17629 I zygote  : Increasing code cache capacity to 512KB"}
{"timestamp":1590846955310,"level":"ALL","message":"05-30 19:25:54.492 17624 17673 I appium  : Rewrote class name 'androidx.appcompat.app.ActionBar$Tab' to XML node name 'androidx.appcompat.app.ActionBar.Tab'"}
{"timestamp":1590846955455,"level":"ALL","message":"05-30 19:25:54.496 17624 17673 I appium  : Rewrote class name 'androidx.appcompat.app.ActionBar$Tab' to XML node name 'androidx.appcompat.app.ActionBar.Tab'"}
{"timestamp":1590846955455,"level":"ALL","message":"05-30 19:25:54.633 17624 17673 I appium  : AppiumResponse: {\"sessionId\":\"41232f4a-b238-435c-a373-82c10f2ff7cc\",\"value\":[]}"}
{"timestamp":1590846955732,"level":"ALL","message":"05-30 19:25:54.897 17624 17673 I appium  : channel read invoked!"}
{"timestamp":1590846955732,"level":"ALL","message":"05-30 19:25:54.898 17624 17673 I appium  : channel read: POST /wd/hub/session/41232f4a-b238-435c-a373-82c10f2ff7cc/elements"}
{"timestamp":1590846955732,"level":"ALL","message":"05-30 19:25:54.904 17624 17673 I appium  : Find elements command using 'xpath' with selector '//*[contains(translate(@content-desc,'ABCDEFGHIJKLMNOPQRSTUVWXYZ','abcdefghijklmnopqrstuvwxyz'),' taps left') or contains(translate(@resource-id,'ABCDEFGHIJKLMNOPQRSTUVWXYZ','abcdefghijklmnopqrstuvwxyz'),' taps left') or contains(translate(@text,'ABCDEFGHIJKLMNOPQRSTUVWXYZ','abcdefghijklmnopqrstuvwxyz'),' taps left')]'."}
{"timestamp":1590846955732,"level":"ALL","message":"05-30 19:25:54.904 17624 17673 I appium  : Waiting up to 10000ms for device to be idle"}
{"timestamp":1590846955734,"level":"ALL","message":"05-30 19:25:54.916  1397  3002 W audio_hw_generic: Not supplying enough data to HAL, expected position 1771216 , only wrote 1771200"}
{"timestamp":1590846955851,"level":"ALL","message":"05-30 19:25:55.032 17624 17673 I appium  : Rewrote class name 'androidx.appcompat.app.ActionBar$Tab' to XML node name 'androidx.appcompat.app.ActionBar.Tab'"}
{"timestamp":1590846955969,"level":"ALL","message":"05-30 19:25:55.036 17624 17673 I appium  : Rewrote class name 'androidx.appcompat.app.ActionBar$Tab' to XML node name 'androidx.appcompat.app.ActionBar.Tab'"}
{"timestamp":1590846955969,"level":"ALL","message":"05-30 19:25:55.151 17624 17673 I appium  : AppiumResponse: {\"sessionId\":\"41232f4a-b238-435c-a373-82c10f2ff7cc\",\"value\":[]}"}
{"timestamp":1590846956218,"level":"ALL","message":"05-30 19:25:55.399 17624 17673 I appium  : channel read invoked!"}
{"timestamp":1590846956222,"level":"ALL","message":"05-30 19:25:55.401 17624 17673 I appium  : channel read: POST /wd/hub/session/41232f4a-b238-435c-a373-82c10f2ff7cc/elements"}
{"timestamp":1590846956230,"level":"ALL","message":"05-30 19:25:55.411 17624 17673 I appium  : Find elements command using 'xpath' with selector '//*[contains(translate(@content-desc,'ABCDEFGHIJKLMNOPQRSTUVWXYZ','abcdefghijklmnopqrstuvwxyz'),' taps left') or contains(translate(@resource-id,'ABCDEFGHIJKLMNOPQRSTUVWXYZ','abcdefghijklmnopqrstuvwxyz'),' taps left') or contains(translate(@text,'ABCDEFGHIJKLMNOPQRSTUVWXYZ','abcdefghijklmnopqrstuvwxyz'),' taps left')]'."}
{"timestamp":1590846956236,"level":"ALL","message":"05-30 19:25:55.412 17624 17673 I appium  : Waiting up to 10000ms for device to be idle"}
{"timestamp":1590846956322,"level":"ALL","message":"05-30 19:25:55.503  1397  1397 W audio_hw_generic: Not supplying enough data to HAL, expected position 1826533 , only wrote 1799280"}
{"timestamp":1590846956478,"level":"ALL","message":"05-30 19:25:55.660 17624 17673 I appium  : Rewrote class name 'androidx.appcompat.app.ActionBar$Tab' to XML node name 'androidx.appcompat.app.ActionBar.Tab'"}
{"timestamp":1590846956667,"level":"ALL","message":"05-30 19:25:55.666 17624 17673 I appium  : Rewrote class name 'androidx.appcompat.app.ActionBar$Tab' to XML node name 'androidx.appcompat.app.ActionBar.Tab'"}
{"timestamp":1590846956667,"level":"ALL","message":"05-30 19:25:55.849 17624 17673 I appium  : AppiumResponse: {\"sessionId\":\"41232f4a-b238-435c-a373-82c10f2ff7cc\",\"value\":[]}"}
{"timestamp":1590846956925,"level":"ALL","message":"05-30 19:25:56.095 17624 17673 I appium  : channel read invoked!"}
{"timestamp":1590846956925,"level":"ALL","message":"05-30 19:25:56.096 17624 17673 I appium  : channel read: POST /wd/hub/session/41232f4a-b238-435c-a373-82c10f2ff7cc/elements"}
{"timestamp":1590846956925,"level":"ALL","message":"05-30 19:25:56.102 17624 17673 I appium  : Find elements command using 'xpath' with selector '//*[contains(translate(@content-desc,'ABCDEFGHIJKLMNOPQRSTUVWXYZ','abcdefghijklmnopqrstuvwxyz'),' taps left') or contains(translate(@resource-id,'ABCDEFGHIJKLMNOPQRSTUVWXYZ','abcdefghijklmnopqrstuvwxyz'),' taps left') or contains(translate(@text,'ABCDEFGHIJKLMNOPQRSTUVWXYZ','abcdefghijklmnopqrstuvwxyz'),' taps left')]'."}
{"timestamp":1590846956925,"level":"ALL","message":"05-30 19:25:56.102 17624 17673 I appium  : Waiting up to 10000ms for device to be idle"}
{"timestamp":1590846957048,"level":"ALL","message":"05-30 19:25:56.223 17624 17673 I appium  : Rewrote class name 'androidx.appcompat.app.ActionBar$Tab' to XML node name 'androidx.appcompat.app.ActionBar.Tab'"}
{"timestamp":1590846957154,"level":"ALL","message":"05-30 19:25:56.225 17624 17673 I appium  : Rewrote class name 'androidx.appcompat.app.ActionBar$Tab' to XML node name 'androidx.appcompat.app.ActionBar.Tab'"}
{"timestamp":1590846957154,"level":"ALL","message":"05-30 19:25:56.331 17624 17673 I appium  : AppiumResponse: {\"sessionId\":\"41232f4a-b238-435c-a373-82c10f2ff7cc\",\"value\":[]}"}
{"timestamp":1590846957394,"level":"ALL","message":"05-30 19:25:56.574 17624 17673 I appium  : channel read invoked!"}
{"timestamp":1590846957399,"level":"ALL","message":"05-30 19:25:56.576 17624 17673 I appium  : channel read: POST /wd/hub/session/41232f4a-b238-435c-a373-82c10f2ff7cc/elements"}
{"timestamp":1590846957407,"level":"ALL","message":"05-30 19:25:56.586 17624 17673 I appium  : Find elements command using 'xpath' with selector '//*[contains(translate(@content-desc,'ABCDEFGHIJKLMNOPQRSTUVWXYZ','abcdefghijklmnopqrstuvwxyz'),' taps left') or contains(translate(@resource-id,'ABCDEFGHIJKLMNOPQRSTUVWXYZ','abcdefghijklmnopqrstuvwxyz'),' taps left') or contains(translate(@text,'ABCDEFGHIJKLMNOPQRSTUVWXYZ','abcdefghijklmnopqrstuvwxyz'),' taps left')]'."}
{"timestamp":1590846957412,"level":"ALL","message":"05-30 19:25:56.588 17624 17673 I appium  : Waiting up to 10000ms for device to be idle"}
{"timestamp":1590846957567,"level":"ALL","message":"05-30 19:25:56.749 17624 17673 I appium  : Rewrote class name 'androidx.appcompat.app.ActionBar$Tab' to XML node name 'androidx.appcompat.app.ActionBar.Tab'"}
{"timestamp":1590846957704,"level":"ALL","message":"05-30 19:25:56.754 17624 17673 I appium  : Rewrote class name 'androidx.appcompat.app.ActionBar$Tab' to XML node name 'androidx.appcompat.app.ActionBar.Tab'"}
{"timestamp":1590846957704,"level":"ALL","message":"05-30 19:25:56.884 17624 17673 I appium  : AppiumResponse: {\"sessionId\":\"41232f4a-b238-435c-a373-82c10f2ff7cc\",\"value\":[]}"}
{"timestamp":1590846957938,"level":"ALL","message":"05-30 19:25:57.120 17624 17673 I appium  : channel read invoked!"}
{"timestamp":1590846957941,"level":"ALL","message":"05-30 19:25:57.121 17624 17673 I appium  : channel read: POST /wd/hub/session/41232f4a-b238-435c-a373-82c10f2ff7cc/elements"}
{"timestamp":1590846957945,"level":"ALL","message":"05-30 19:25:57.126 17624 17673 I appium  : Find elements command using 'xpath' with selector '//*[contains(translate(@content-desc,'ABCDEFGHIJKLMNOPQRSTUVWXYZ','abcdefghijklmnopqrstuvwxyz'),' taps left') or contains(translate(@resource-id,'ABCDEFGHIJKLMNOPQRSTUVWXYZ','abcdefghijklmnopqrstuvwxyz'),' taps left') or contains(translate(@text,'ABCDEFGHIJKLMNOPQRSTUVWXYZ','abcdefghijklmnopqrstuvwxyz'),' taps left')]'."}
{"timestamp":1590846957947,"level":"ALL","message":"05-30 19:25:57.127 17624 17673 I appium  : Waiting up to 10000ms for device to be idle"}
{"timestamp":1590846958040,"level":"ALL","message":"05-30 19:25:57.221 17624 17673 I appium  : Rewrote class name 'androidx.appcompat.app.ActionBar$Tab' to XML node name 'androidx.appcompat.app.ActionBar.Tab'"}
{"timestamp":1590846958068,"level":"ALL","message":"05-30 19:25:57.225 17624 17673 I appium  : Rewrote class name 'androidx.appcompat.app.ActionBar$Tab' to XML node name 'androidx.appcompat.app.ActionBar.Tab'"}
{"timestamp":1590846958068,"level":"ALL","message":"05-30 19:25:57.250  1619  1636 I WifiService: requestActivityInfo uid=1000"}
{"timestamp":1590846958068,"level":"ALL","message":"05-30 19:25:57.250  1619  1636 I WifiService: reportActivityInfo uid=1000"}
{"timestamp":1590846958068,"level":"ALL","message":"05-30 19:25:57.250  1619  1636 I WifiService: getSupportedFeatures uid=1000"}
{"timestamp":1590846958189,"level":"ALL","message":"05-30 19:25:57.369 17624 17673 I appium  : AppiumResponse: {\"sessionId\":\"41232f4a-b238-435c-a373-82c10f2ff7cc\",\"value\":[]}"}
{"timestamp":1590846958413,"level":"ALL","message":"05-30 19:25:57.595 17624 17673 I appium  : channel read invoked!"}
{"timestamp":1590846958414,"level":"ALL","message":"05-30 19:25:57.596 17624 17673 I appium  : channel read: POST /wd/hub/session/41232f4a-b238-435c-a373-82c10f2ff7cc/elements"}
{"timestamp":1590846958417,"level":"ALL","message":"05-30 19:25:57.600 17624 17673 I appium  : Find elements command using 'xpath' with selector '//*[contains(translate(@content-desc,'ABCDEFGHIJKLMNOPQRSTUVWXYZ','abcdefghijklmnopqrstuvwxyz'),' taps left') or contains(translate(@resource-id,'ABCDEFGHIJKLMNOPQRSTUVWXYZ','abcdefghijklmnopqrstuvwxyz'),' taps left') or contains(translate(@text,'ABCDEFGHIJKLMNOPQRSTUVWXYZ','abcdefghijklmnopqrstuvwxyz'),' taps left')]'."}
{"timestamp":1590846958418,"level":"ALL","message":"05-30 19:25:57.600 17624 17673 I appium  : Waiting up to 10000ms for device to be idle"}
{"timestamp":1590846958555,"level":"ALL","message":"05-30 19:25:57.738 17624 17673 I appium  : Rewrote class name 'androidx.appcompat.app.ActionBar$Tab' to XML node name 'androidx.appcompat.app.ActionBar.Tab'"}
{"timestamp":1590846958662,"level":"ALL","message":"05-30 19:25:57.741 17624 17673 I appium  : Rewrote class name 'androidx.appcompat.app.ActionBar$Tab' to XML node name 'androidx.appcompat.app.ActionBar.Tab'"}
{"timestamp":1590846958662,"level":"ALL","message":"05-30 19:25:57.843 17624 17673 I appium  : AppiumResponse: {\"sessionId\":\"41232f4a-b238-435c-a373-82c10f2ff7cc\",\"value\":[]}"}
{"timestamp":1590846958692,"level":"ALL","message":"05-30 19:25:57.873 17624 17673 I appium  : channel read invoked!"}
{"timestamp":1590846958692,"level":"ALL","message":"05-30 19:25:57.873 17624 17673 I appium  : channel read: GET /wd/hub/session/41232f4a-b238-435c-a373-82c10f2ff7cc/screenshot"}
{"timestamp":1590846958694,"level":"ALL","message":"05-30 19:25:57.876 17624 17673 I appium  : Capture screenshot command"}
{"timestamp":1590846959071,"level":"ALL","message":"05-30 19:25:58.253  1415  1907 E SurfaceFlinger: ro.sf.lcd_density must be defined as a build property"}
{"timestamp":1590846959102,"level":"ALL","message":"05-30 19:25:58.285  1405  1444 D gralloc_ranchu: gralloc_alloc: Creating ashmem region of size 8298496"}
{"timestamp":1590846959117,"level":"ALL","message":"05-30 19:25:58.299 17814 17814 D         : HostConnection::get() New Host Connection established 0xaf1c8240, tid 17814"}
{"timestamp":1590846959138,"level":"ALL","message":"05-30 19:25:58.319  1415  1415 E EGL_emulation: tid 1415: eglCreateSyncKHR(1962): error 0x3004 (EGL_BAD_ATTRIBUTE)"}
{"timestamp":1590846959961,"level":"ALL","message":"05-30 19:25:59.135 17624 17673 I appium  : AppiumResponse: {\"sessionId\":\"41232f4a-b238-435c-a373-82c10f2ff7cc\",\"value\":\"iVBORw0KGgoAAAANSUhEUgAABDgAAAeACAYAAAArYecKAAAABHNCSVQICAgIfAhkiAAAIABJREFU\\neJzcvXl4VdXVP\\/4592YiJCFEZgSCQQEnglAc0ehbKyBqcGqdIDjVOjK0Dq1fGWpt+1ZlaPWpAwqO\\nBSuCVpwFxPo6oIAiCAhERJApJJCB3OTe+\\/sjv3Pec3f2sPY++9zQ9\\/M8eXLvOXuvtfbea6\\/pnsEB..."}
{"timestamp":1590846960107,"level":"ALL","message":"05-30 19:25:59.287 17624 17673 I appium  : channel read invoked!"}
{"timestamp":1590846960107,"level":"ALL","message":"05-30 19:25:59.288 17624 17673 I appium  : channel read: GET /wd/hub/session/41232f4a-b238-435c-a373-82c10f2ff7cc/source"}
{"timestamp":1590846960109,"level":"ALL","message":"05-30 19:25:59.289 17624 17673 I appium  : Waiting up to 10000ms for device to be idle"}
{"timestamp":1590846960189,"level":"ALL","message":"05-30 19:25:59.371 17624 17673 I appium  : Rewrote class name 'androidx.appcompat.app.ActionBar$Tab' to XML node name 'androidx.appcompat.app.ActionBar.Tab'"}
{"timestamp":1590846960215,"level":"ALL","message":"05-30 19:25:59.374 17624 17673 I appium  : Rewrote class name 'androidx.appcompat.app.ActionBar$Tab' to XML node name 'androidx.appcompat.app.ActionBar.Tab'"}
{"timestamp":1590846960215,"level":"ALL","message":"05-30 19:25:59.397 17624 17673 I appium  : AppiumResponse: {\"sessionId\":\"41232f4a-b238-435c-a373-82c10f2ff7cc\",\"value\":\"<?xml version='1.0' encoding='UTF-8' standalone='yes' ?>\\r\\n<hierarchy index=\\\"0\\\" class=\\\"hierarchy\\\" rotation=\\\"0\\\" width=\\\"1080\\\" height=\\\"1794\\\">\\r\\n  <android.widget.FrameLayout index=\\\"0\\\" package=\\\"org.nativescript.weatherapp\\\" c..."}